[2023-05-30 14:53:37,640] {taskinstance.py:896} INFO - Dependencies all met for <TaskInstance: example_bash_operator.runme_0 2023-05-28T00:00:00+00:00 [queued]>
[2023-05-30 14:53:37,667] {taskinstance.py:896} INFO - Dependencies all met for <TaskInstance: example_bash_operator.runme_0 2023-05-28T00:00:00+00:00 [queued]>
[2023-05-30 14:53:37,668] {taskinstance.py:1087} INFO - 
--------------------------------------------------------------------------------
[2023-05-30 14:53:37,669] {taskinstance.py:1088} INFO - Starting attempt 1 of 1
[2023-05-30 14:53:37,670] {taskinstance.py:1089} INFO - 
--------------------------------------------------------------------------------
[2023-05-30 14:53:37,728] {taskinstance.py:1107} INFO - Executing <Task(BashOperator): runme_0> on 2023-05-28T00:00:00+00:00
[2023-05-30 14:53:37,735] {standard_task_runner.py:52} INFO - Started process 1022 to run task
[2023-05-30 14:53:37,751] {standard_task_runner.py:76} INFO - Running: ['airflow', 'tasks', 'run', 'example_bash_operator', 'runme_0', '2023-05-28T00:00:00+00:00', '--job-id', '2', '--pool', 'default_pool', '--raw', '--subdir', '/home/airflow/.local/lib/python3.8/site-packages/airflow/example_dags/example_bash_operator.py', '--cfg-path', '/tmp/tmpihdnk5bs', '--error-file', '/tmp/tmpg8duc2qr']
[2023-05-30 14:53:37,752] {standard_task_runner.py:77} INFO - Job 2: Subtask runme_0
[2023-05-30 14:53:37,899] {logging_mixin.py:104} INFO - Running <TaskInstance: example_bash_operator.runme_0 2023-05-28T00:00:00+00:00 [running]> on host 7d73e102c9b2
[2023-05-30 14:53:38,153] {taskinstance.py:1300} INFO - Exporting the following env vars:
AIRFLOW_CTX_DAG_OWNER=airflow
AIRFLOW_CTX_DAG_ID=example_bash_operator
AIRFLOW_CTX_TASK_ID=runme_0
AIRFLOW_CTX_EXECUTION_DATE=2023-05-28T00:00:00+00:00
AIRFLOW_CTX_DAG_RUN_ID=scheduled__2023-05-28T00:00:00+00:00
[2023-05-30 14:53:38,159] {subprocess.py:52} INFO - Tmp dir root location: 
 /tmp
[2023-05-30 14:53:38,160] {subprocess.py:63} INFO - Running command: ['bash', '-c', 'echo "example_bash_operator__runme_0__20230528" && sleep 1']
[2023-05-30 14:53:38,197] {subprocess.py:75} INFO - Output:
[2023-05-30 14:53:38,254] {subprocess.py:79} INFO - example_bash_operator__runme_0__20230528
[2023-05-30 14:53:39,261] {subprocess.py:83} INFO - Command exited with return code 0
[2023-05-30 14:53:39,354] {taskinstance.py:1204} INFO - Marking task as SUCCESS. dag_id=example_bash_operator, task_id=runme_0, execution_date=20230528T000000, start_date=20230530T145337, end_date=20230530T145339
[2023-05-30 14:53:39,452] {taskinstance.py:1265} INFO - 0 downstream tasks scheduled from follow-on schedule check
[2023-05-30 14:53:39,492] {local_task_job.py:151} INFO - Task exited with return code 0
