[2023-05-30 14:54:50,776] {taskinstance.py:896} INFO - Dependencies all met for <TaskInstance: example_bash_operator.also_run_this 2023-05-29T00:00:00+00:00 [queued]>
[2023-05-30 14:54:50,804] {taskinstance.py:896} INFO - Dependencies all met for <TaskInstance: example_bash_operator.also_run_this 2023-05-29T00:00:00+00:00 [queued]>
[2023-05-30 14:54:50,804] {taskinstance.py:1087} INFO - 
--------------------------------------------------------------------------------
[2023-05-30 14:54:50,805] {taskinstance.py:1088} INFO - Starting attempt 1 of 1
[2023-05-30 14:54:50,805] {taskinstance.py:1089} INFO - 
--------------------------------------------------------------------------------
[2023-05-30 14:54:50,849] {taskinstance.py:1107} INFO - Executing <Task(BashOperator): also_run_this> on 2023-05-29T00:00:00+00:00
[2023-05-30 14:54:50,885] {standard_task_runner.py:76} INFO - Running: ['airflow', 'tasks', 'run', 'example_bash_operator', 'also_run_this', '2023-05-29T00:00:00+00:00', '--job-id', '14', '--pool', 'default_pool', '--raw', '--subdir', '/home/airflow/.local/lib/python3.8/site-packages/airflow/example_dags/example_bash_operator.py', '--cfg-path', '/tmp/tmpoaknps09', '--error-file', '/tmp/tmpr74qoqlr']
[2023-05-30 14:54:50,864] {standard_task_runner.py:52} INFO - Started process 1071 to run task
[2023-05-30 14:54:50,886] {standard_task_runner.py:77} INFO - Job 14: Subtask also_run_this
[2023-05-30 14:54:51,020] {logging_mixin.py:104} INFO - Running <TaskInstance: example_bash_operator.also_run_this 2023-05-29T00:00:00+00:00 [running]> on host 7d73e102c9b2
[2023-05-30 14:54:51,240] {taskinstance.py:1300} INFO - Exporting the following env vars:
AIRFLOW_CTX_DAG_OWNER=airflow
AIRFLOW_CTX_DAG_ID=example_bash_operator
AIRFLOW_CTX_TASK_ID=also_run_this
AIRFLOW_CTX_EXECUTION_DATE=2023-05-29T00:00:00+00:00
AIRFLOW_CTX_DAG_RUN_ID=scheduled__2023-05-29T00:00:00+00:00
[2023-05-30 14:54:51,242] {subprocess.py:52} INFO - Tmp dir root location: 
 /tmp
[2023-05-30 14:54:51,244] {subprocess.py:63} INFO - Running command: ['bash', '-c', 'echo "run_id=scheduled__2023-05-29T00:00:00+00:00 | dag_run=<DagRun example_bash_operator @ 2023-05-29 00:00:00+00:00: scheduled__2023-05-29T00:00:00+00:00, externally triggered: False>"']
[2023-05-30 14:54:51,280] {subprocess.py:75} INFO - Output:
[2023-05-30 14:54:51,323] {subprocess.py:79} INFO - run_id=scheduled__2023-05-29T00:00:00+00:00 | dag_run=<DagRun example_bash_operator @ 2023-05-29 00:00:00+00:00: scheduled__2023-05-29T00:00:00+00:00, externally triggered: False>
[2023-05-30 14:54:51,325] {subprocess.py:83} INFO - Command exited with return code 0
[2023-05-30 14:54:51,421] {taskinstance.py:1204} INFO - Marking task as SUCCESS. dag_id=example_bash_operator, task_id=also_run_this, execution_date=20230529T000000, start_date=20230530T145450, end_date=20230530T145451
[2023-05-30 14:54:51,547] {taskinstance.py:1265} INFO - 0 downstream tasks scheduled from follow-on schedule check
[2023-05-30 14:54:51,584] {local_task_job.py:151} INFO - Task exited with return code 0
