[2023-05-30 14:55:00,414] {taskinstance.py:896} INFO - Dependencies all met for <TaskInstance: example_bash_operator.also_run_this 2023-05-30T14:53:41.285787+00:00 [queued]>
[2023-05-30 14:55:00,450] {taskinstance.py:896} INFO - Dependencies all met for <TaskInstance: example_bash_operator.also_run_this 2023-05-30T14:53:41.285787+00:00 [queued]>
[2023-05-30 14:55:00,451] {taskinstance.py:1087} INFO - 
--------------------------------------------------------------------------------
[2023-05-30 14:55:00,451] {taskinstance.py:1088} INFO - Starting attempt 1 of 1
[2023-05-30 14:55:00,452] {taskinstance.py:1089} INFO - 
--------------------------------------------------------------------------------
[2023-05-30 14:55:00,508] {taskinstance.py:1107} INFO - Executing <Task(BashOperator): also_run_this> on 2023-05-30T14:53:41.285787+00:00
[2023-05-30 14:55:00,515] {standard_task_runner.py:52} INFO - Started process 1079 to run task
[2023-05-30 14:55:00,532] {standard_task_runner.py:76} INFO - Running: ['airflow', 'tasks', 'run', 'example_bash_operator', 'also_run_this', '2023-05-30T14:53:41.285787+00:00', '--job-id', '16', '--pool', 'default_pool', '--raw', '--subdir', '/home/airflow/.local/lib/python3.8/site-packages/airflow/example_dags/example_bash_operator.py', '--cfg-path', '/tmp/tmpbn7ojii5', '--error-file', '/tmp/tmp202fg_9v']
[2023-05-30 14:55:00,535] {standard_task_runner.py:77} INFO - Job 16: Subtask also_run_this
[2023-05-30 14:55:00,688] {logging_mixin.py:104} INFO - Running <TaskInstance: example_bash_operator.also_run_this 2023-05-30T14:53:41.285787+00:00 [running]> on host 7d73e102c9b2
[2023-05-30 14:55:00,887] {taskinstance.py:1300} INFO - Exporting the following env vars:
AIRFLOW_CTX_DAG_OWNER=airflow
AIRFLOW_CTX_DAG_ID=example_bash_operator
AIRFLOW_CTX_TASK_ID=also_run_this
AIRFLOW_CTX_EXECUTION_DATE=2023-05-30T14:53:41.285787+00:00
AIRFLOW_CTX_DAG_RUN_ID=manual__2023-05-30T14:53:41.285787+00:00
[2023-05-30 14:55:00,889] {subprocess.py:52} INFO - Tmp dir root location: 
 /tmp
[2023-05-30 14:55:00,891] {subprocess.py:63} INFO - Running command: ['bash', '-c', 'echo "run_id=manual__2023-05-30T14:53:41.285787+00:00 | dag_run=<DagRun example_bash_operator @ 2023-05-30 14:53:41.285787+00:00: manual__2023-05-30T14:53:41.285787+00:00, externally triggered: True>"']
[2023-05-30 14:55:00,929] {subprocess.py:75} INFO - Output:
[2023-05-30 14:55:00,966] {subprocess.py:79} INFO - run_id=manual__2023-05-30T14:53:41.285787+00:00 | dag_run=<DagRun example_bash_operator @ 2023-05-30 14:53:41.285787+00:00: manual__2023-05-30T14:53:41.285787+00:00, externally triggered: True>
[2023-05-30 14:55:00,967] {subprocess.py:83} INFO - Command exited with return code 0
[2023-05-30 14:55:01,073] {taskinstance.py:1204} INFO - Marking task as SUCCESS. dag_id=example_bash_operator, task_id=also_run_this, execution_date=20230530T145341, start_date=20230530T145500, end_date=20230530T145501
[2023-05-30 14:55:01,197] {taskinstance.py:1265} INFO - 0 downstream tasks scheduled from follow-on schedule check
[2023-05-30 14:55:01,229] {local_task_job.py:151} INFO - Task exited with return code 0
