[2023-05-30 14:53:51,607] {taskinstance.py:896} INFO - Dependencies all met for <TaskInstance: example_bash_operator.runme_2 2023-05-28T00:00:00+00:00 [queued]>
[2023-05-30 14:53:51,641] {taskinstance.py:896} INFO - Dependencies all met for <TaskInstance: example_bash_operator.runme_2 2023-05-28T00:00:00+00:00 [queued]>
[2023-05-30 14:53:51,642] {taskinstance.py:1087} INFO - 
--------------------------------------------------------------------------------
[2023-05-30 14:53:51,642] {taskinstance.py:1088} INFO - Starting attempt 1 of 1
[2023-05-30 14:53:51,643] {taskinstance.py:1089} INFO - 
--------------------------------------------------------------------------------
[2023-05-30 14:53:51,695] {taskinstance.py:1107} INFO - Executing <Task(BashOperator): runme_2> on 2023-05-28T00:00:00+00:00
[2023-05-30 14:53:51,699] {standard_task_runner.py:52} INFO - Started process 1030 to run task
[2023-05-30 14:53:51,707] {standard_task_runner.py:76} INFO - Running: ['airflow', 'tasks', 'run', 'example_bash_operator', 'runme_2', '2023-05-28T00:00:00+00:00', '--job-id', '4', '--pool', 'default_pool', '--raw', '--subdir', '/home/airflow/.local/lib/python3.8/site-packages/airflow/example_dags/example_bash_operator.py', '--cfg-path', '/tmp/tmpwpzh04hh', '--error-file', '/tmp/tmp1kyntt9h']
[2023-05-30 14:53:51,708] {standard_task_runner.py:77} INFO - Job 4: Subtask runme_2
[2023-05-30 14:53:51,818] {logging_mixin.py:104} INFO - Running <TaskInstance: example_bash_operator.runme_2 2023-05-28T00:00:00+00:00 [running]> on host 7d73e102c9b2
[2023-05-30 14:53:51,988] {taskinstance.py:1300} INFO - Exporting the following env vars:
AIRFLOW_CTX_DAG_OWNER=airflow
AIRFLOW_CTX_DAG_ID=example_bash_operator
AIRFLOW_CTX_TASK_ID=runme_2
AIRFLOW_CTX_EXECUTION_DATE=2023-05-28T00:00:00+00:00
AIRFLOW_CTX_DAG_RUN_ID=scheduled__2023-05-28T00:00:00+00:00
[2023-05-30 14:53:51,990] {subprocess.py:52} INFO - Tmp dir root location: 
 /tmp
[2023-05-30 14:53:51,992] {subprocess.py:63} INFO - Running command: ['bash', '-c', 'echo "example_bash_operator__runme_2__20230528" && sleep 1']
[2023-05-30 14:53:52,018] {subprocess.py:75} INFO - Output:
[2023-05-30 14:53:52,042] {subprocess.py:79} INFO - example_bash_operator__runme_2__20230528
[2023-05-30 14:53:53,048] {subprocess.py:83} INFO - Command exited with return code 0
[2023-05-30 14:53:53,170] {taskinstance.py:1204} INFO - Marking task as SUCCESS. dag_id=example_bash_operator, task_id=runme_2, execution_date=20230528T000000, start_date=20230530T145351, end_date=20230530T145353
[2023-05-30 14:53:53,309] {taskinstance.py:1265} INFO - 1 downstream tasks scheduled from follow-on schedule check
[2023-05-30 14:53:53,368] {local_task_job.py:151} INFO - Task exited with return code 0
