[2023-05-30 14:54:02,813] {taskinstance.py:896} INFO - Dependencies all met for <TaskInstance: example_bash_operator.this_will_skip 2023-05-28T00:00:00+00:00 [queued]>
[2023-05-30 14:54:02,862] {taskinstance.py:896} INFO - Dependencies all met for <TaskInstance: example_bash_operator.this_will_skip 2023-05-28T00:00:00+00:00 [queued]>
[2023-05-30 14:54:02,862] {taskinstance.py:1087} INFO - 
--------------------------------------------------------------------------------
[2023-05-30 14:54:02,863] {taskinstance.py:1088} INFO - Starting attempt 1 of 1
[2023-05-30 14:54:02,864] {taskinstance.py:1089} INFO - 
--------------------------------------------------------------------------------
[2023-05-30 14:54:02,930] {taskinstance.py:1107} INFO - Executing <Task(BashOperator): this_will_skip> on 2023-05-28T00:00:00+00:00
[2023-05-30 14:54:02,936] {standard_task_runner.py:52} INFO - Started process 1038 to run task
[2023-05-30 14:54:02,951] {standard_task_runner.py:76} INFO - Running: ['airflow', 'tasks', 'run', 'example_bash_operator', 'this_will_skip', '2023-05-28T00:00:00+00:00', '--job-id', '6', '--pool', 'default_pool', '--raw', '--subdir', '/home/airflow/.local/lib/python3.8/site-packages/airflow/example_dags/example_bash_operator.py', '--cfg-path', '/tmp/tmpkdtx48xf', '--error-file', '/tmp/tmppz6pi1mc']
[2023-05-30 14:54:02,952] {standard_task_runner.py:77} INFO - Job 6: Subtask this_will_skip
[2023-05-30 14:54:03,092] {logging_mixin.py:104} INFO - Running <TaskInstance: example_bash_operator.this_will_skip 2023-05-28T00:00:00+00:00 [running]> on host 7d73e102c9b2
[2023-05-30 14:54:03,285] {taskinstance.py:1300} INFO - Exporting the following env vars:
AIRFLOW_CTX_DAG_OWNER=airflow
AIRFLOW_CTX_DAG_ID=example_bash_operator
AIRFLOW_CTX_TASK_ID=this_will_skip
AIRFLOW_CTX_EXECUTION_DATE=2023-05-28T00:00:00+00:00
AIRFLOW_CTX_DAG_RUN_ID=scheduled__2023-05-28T00:00:00+00:00
[2023-05-30 14:54:03,287] {subprocess.py:52} INFO - Tmp dir root location: 
 /tmp
[2023-05-30 14:54:03,288] {subprocess.py:63} INFO - Running command: ['bash', '-c', 'echo "hello world"; exit 99;']
[2023-05-30 14:54:03,319] {subprocess.py:75} INFO - Output:
[2023-05-30 14:54:03,354] {subprocess.py:79} INFO - hello world
[2023-05-30 14:54:03,356] {subprocess.py:83} INFO - Command exited with return code 99
[2023-05-30 14:54:03,359] {taskinstance.py:1167} INFO - Bash command returned exit code 99. Skipping.
[2023-05-30 14:54:03,396] {taskinstance.py:1170} INFO - Marking task as SKIPPED. dag_id=example_bash_operator, task_id=this_will_skip, execution_date=20230528T000000, start_date=20230530T145402, end_date=
[2023-05-30 14:54:03,397] {taskinstance.py:1204} INFO - Marking task as SUCCESS. dag_id=example_bash_operator, task_id=this_will_skip, execution_date=20230528T000000, start_date=20230530T145402, end_date=20230530T145403
[2023-05-30 14:54:03,548] {taskinstance.py:1265} INFO - 0 downstream tasks scheduled from follow-on schedule check
[2023-05-30 14:54:03,565] {local_task_job.py:151} INFO - Task exited with return code 0
