[2023-05-30 14:54:09,873] {taskinstance.py:896} INFO - Dependencies all met for <TaskInstance: example_bash_operator.runme_0 2023-05-29T00:00:00+00:00 [queued]>
[2023-05-30 14:54:09,893] {taskinstance.py:896} INFO - Dependencies all met for <TaskInstance: example_bash_operator.runme_0 2023-05-29T00:00:00+00:00 [queued]>
[2023-05-30 14:54:09,894] {taskinstance.py:1087} INFO - 
--------------------------------------------------------------------------------
[2023-05-30 14:54:09,894] {taskinstance.py:1088} INFO - Starting attempt 1 of 1
[2023-05-30 14:54:09,894] {taskinstance.py:1089} INFO - 
--------------------------------------------------------------------------------
[2023-05-30 14:54:09,962] {taskinstance.py:1107} INFO - Executing <Task(BashOperator): runme_0> on 2023-05-29T00:00:00+00:00
[2023-05-30 14:54:09,968] {standard_task_runner.py:52} INFO - Started process 1043 to run task
[2023-05-30 14:54:09,995] {standard_task_runner.py:76} INFO - Running: ['airflow', 'tasks', 'run', 'example_bash_operator', 'runme_0', '2023-05-29T00:00:00+00:00', '--job-id', '7', '--pool', 'default_pool', '--raw', '--subdir', '/home/airflow/.local/lib/python3.8/site-packages/airflow/example_dags/example_bash_operator.py', '--cfg-path', '/tmp/tmpqd9e2qp7', '--error-file', '/tmp/tmp017im6bb']
[2023-05-30 14:54:09,999] {standard_task_runner.py:77} INFO - Job 7: Subtask runme_0
[2023-05-30 14:54:10,127] {logging_mixin.py:104} INFO - Running <TaskInstance: example_bash_operator.runme_0 2023-05-29T00:00:00+00:00 [running]> on host 7d73e102c9b2
[2023-05-30 14:54:10,325] {taskinstance.py:1300} INFO - Exporting the following env vars:
AIRFLOW_CTX_DAG_OWNER=airflow
AIRFLOW_CTX_DAG_ID=example_bash_operator
AIRFLOW_CTX_TASK_ID=runme_0
AIRFLOW_CTX_EXECUTION_DATE=2023-05-29T00:00:00+00:00
AIRFLOW_CTX_DAG_RUN_ID=scheduled__2023-05-29T00:00:00+00:00
[2023-05-30 14:54:10,326] {subprocess.py:52} INFO - Tmp dir root location: 
 /tmp
[2023-05-30 14:54:10,328] {subprocess.py:63} INFO - Running command: ['bash', '-c', 'echo "example_bash_operator__runme_0__20230529" && sleep 1']
[2023-05-30 14:54:10,357] {subprocess.py:75} INFO - Output:
[2023-05-30 14:54:10,406] {subprocess.py:79} INFO - example_bash_operator__runme_0__20230529
[2023-05-30 14:54:11,415] {subprocess.py:83} INFO - Command exited with return code 0
[2023-05-30 14:54:11,504] {taskinstance.py:1204} INFO - Marking task as SUCCESS. dag_id=example_bash_operator, task_id=runme_0, execution_date=20230529T000000, start_date=20230530T145409, end_date=20230530T145411
[2023-05-30 14:54:11,654] {taskinstance.py:1265} INFO - 0 downstream tasks scheduled from follow-on schedule check
[2023-05-30 14:54:11,701] {local_task_job.py:151} INFO - Task exited with return code 0
