[2023-05-30 14:54:34,069] {taskinstance.py:896} INFO - Dependencies all met for <TaskInstance: example_bash_operator.runme_1 2023-05-30T14:53:41.285787+00:00 [queued]>
[2023-05-30 14:54:34,096] {taskinstance.py:896} INFO - Dependencies all met for <TaskInstance: example_bash_operator.runme_1 2023-05-30T14:53:41.285787+00:00 [queued]>
[2023-05-30 14:54:34,097] {taskinstance.py:1087} INFO - 
--------------------------------------------------------------------------------
[2023-05-30 14:54:34,097] {taskinstance.py:1088} INFO - Starting attempt 1 of 1
[2023-05-30 14:54:34,098] {taskinstance.py:1089} INFO - 
--------------------------------------------------------------------------------
[2023-05-30 14:54:34,174] {taskinstance.py:1107} INFO - Executing <Task(BashOperator): runme_1> on 2023-05-30T14:53:41.285787+00:00
[2023-05-30 14:54:34,181] {standard_task_runner.py:52} INFO - Started process 1059 to run task
[2023-05-30 14:54:34,197] {standard_task_runner.py:76} INFO - Running: ['airflow', 'tasks', 'run', 'example_bash_operator', 'runme_1', '2023-05-30T14:53:41.285787+00:00', '--job-id', '11', '--pool', 'default_pool', '--raw', '--subdir', '/home/airflow/.local/lib/python3.8/site-packages/airflow/example_dags/example_bash_operator.py', '--cfg-path', '/tmp/tmp97hgy9w0', '--error-file', '/tmp/tmp4n00s5jj']
[2023-05-30 14:54:34,200] {standard_task_runner.py:77} INFO - Job 11: Subtask runme_1
[2023-05-30 14:54:34,344] {logging_mixin.py:104} INFO - Running <TaskInstance: example_bash_operator.runme_1 2023-05-30T14:53:41.285787+00:00 [running]> on host 7d73e102c9b2
[2023-05-30 14:54:34,551] {taskinstance.py:1300} INFO - Exporting the following env vars:
AIRFLOW_CTX_DAG_OWNER=airflow
AIRFLOW_CTX_DAG_ID=example_bash_operator
AIRFLOW_CTX_TASK_ID=runme_1
AIRFLOW_CTX_EXECUTION_DATE=2023-05-30T14:53:41.285787+00:00
AIRFLOW_CTX_DAG_RUN_ID=manual__2023-05-30T14:53:41.285787+00:00
[2023-05-30 14:54:34,553] {subprocess.py:52} INFO - Tmp dir root location: 
 /tmp
[2023-05-30 14:54:34,554] {subprocess.py:63} INFO - Running command: ['bash', '-c', 'echo "example_bash_operator__runme_1__20230530" && sleep 1']
[2023-05-30 14:54:34,591] {subprocess.py:75} INFO - Output:
[2023-05-30 14:54:34,616] {subprocess.py:79} INFO - example_bash_operator__runme_1__20230530
[2023-05-30 14:54:35,623] {subprocess.py:83} INFO - Command exited with return code 0
[2023-05-30 14:54:35,729] {taskinstance.py:1204} INFO - Marking task as SUCCESS. dag_id=example_bash_operator, task_id=runme_1, execution_date=20230530T145341, start_date=20230530T145434, end_date=20230530T145435
[2023-05-30 14:54:35,848] {taskinstance.py:1265} INFO - 0 downstream tasks scheduled from follow-on schedule check
[2023-05-30 14:54:35,865] {local_task_job.py:151} INFO - Task exited with return code 0
