[2023-05-30 14:55:12,360] {taskinstance.py:896} INFO - Dependencies all met for <TaskInstance: example_bash_operator.run_after_loop 2023-05-29T00:00:00+00:00 [queued]>
[2023-05-30 14:55:12,399] {taskinstance.py:896} INFO - Dependencies all met for <TaskInstance: example_bash_operator.run_after_loop 2023-05-29T00:00:00+00:00 [queued]>
[2023-05-30 14:55:12,401] {taskinstance.py:1087} INFO - 
--------------------------------------------------------------------------------
[2023-05-30 14:55:12,402] {taskinstance.py:1088} INFO - Starting attempt 1 of 1
[2023-05-30 14:55:12,402] {taskinstance.py:1089} INFO - 
--------------------------------------------------------------------------------
[2023-05-30 14:55:12,463] {taskinstance.py:1107} INFO - Executing <Task(BashOperator): run_after_loop> on 2023-05-29T00:00:00+00:00
[2023-05-30 14:55:12,469] {standard_task_runner.py:52} INFO - Started process 1089 to run task
[2023-05-30 14:55:12,486] {standard_task_runner.py:76} INFO - Running: ['airflow', 'tasks', 'run', 'example_bash_operator', 'run_after_loop', '2023-05-29T00:00:00+00:00', '--job-id', '18', '--pool', 'default_pool', '--raw', '--subdir', '/home/airflow/.local/lib/python3.8/site-packages/airflow/example_dags/example_bash_operator.py', '--cfg-path', '/tmp/tmpv890o9rz', '--error-file', '/tmp/tmpzmb4_p7w']
[2023-05-30 14:55:12,492] {standard_task_runner.py:77} INFO - Job 18: Subtask run_after_loop
[2023-05-30 14:55:12,613] {logging_mixin.py:104} INFO - Running <TaskInstance: example_bash_operator.run_after_loop 2023-05-29T00:00:00+00:00 [running]> on host 7d73e102c9b2
[2023-05-30 14:55:12,799] {taskinstance.py:1300} INFO - Exporting the following env vars:
AIRFLOW_CTX_DAG_OWNER=airflow
AIRFLOW_CTX_DAG_ID=example_bash_operator
AIRFLOW_CTX_TASK_ID=run_after_loop
AIRFLOW_CTX_EXECUTION_DATE=2023-05-29T00:00:00+00:00
AIRFLOW_CTX_DAG_RUN_ID=scheduled__2023-05-29T00:00:00+00:00
[2023-05-30 14:55:12,801] {subprocess.py:52} INFO - Tmp dir root location: 
 /tmp
[2023-05-30 14:55:12,803] {subprocess.py:63} INFO - Running command: ['bash', '-c', 'echo 1']
[2023-05-30 14:55:12,829] {subprocess.py:75} INFO - Output:
[2023-05-30 14:55:12,868] {subprocess.py:79} INFO - 1
[2023-05-30 14:55:12,870] {subprocess.py:83} INFO - Command exited with return code 0
[2023-05-30 14:55:12,970] {taskinstance.py:1204} INFO - Marking task as SUCCESS. dag_id=example_bash_operator, task_id=run_after_loop, execution_date=20230529T000000, start_date=20230530T145512, end_date=20230530T145512
[2023-05-30 14:55:13,069] {taskinstance.py:1265} INFO - 0 downstream tasks scheduled from follow-on schedule check
[2023-05-30 14:55:13,108] {local_task_job.py:151} INFO - Task exited with return code 0
