[2023-05-30 14:55:05,600] {taskinstance.py:896} INFO - Dependencies all met for <TaskInstance: example_bash_operator.this_will_skip 2023-05-30T14:53:41.285787+00:00 [queued]>
[2023-05-30 14:55:05,626] {taskinstance.py:896} INFO - Dependencies all met for <TaskInstance: example_bash_operator.this_will_skip 2023-05-30T14:53:41.285787+00:00 [queued]>
[2023-05-30 14:55:05,627] {taskinstance.py:1087} INFO - 
--------------------------------------------------------------------------------
[2023-05-30 14:55:05,628] {taskinstance.py:1088} INFO - Starting attempt 1 of 1
[2023-05-30 14:55:05,628] {taskinstance.py:1089} INFO - 
--------------------------------------------------------------------------------
[2023-05-30 14:55:05,696] {taskinstance.py:1107} INFO - Executing <Task(BashOperator): this_will_skip> on 2023-05-30T14:53:41.285787+00:00
[2023-05-30 14:55:05,703] {standard_task_runner.py:52} INFO - Started process 1083 to run task
[2023-05-30 14:55:05,724] {standard_task_runner.py:76} INFO - Running: ['airflow', 'tasks', 'run', 'example_bash_operator', 'this_will_skip', '2023-05-30T14:53:41.285787+00:00', '--job-id', '17', '--pool', 'default_pool', '--raw', '--subdir', '/home/airflow/.local/lib/python3.8/site-packages/airflow/example_dags/example_bash_operator.py', '--cfg-path', '/tmp/tmpiiu951jr', '--error-file', '/tmp/tmpqgq5nckw']
[2023-05-30 14:55:05,734] {standard_task_runner.py:77} INFO - Job 17: Subtask this_will_skip
[2023-05-30 14:55:05,864] {logging_mixin.py:104} INFO - Running <TaskInstance: example_bash_operator.this_will_skip 2023-05-30T14:53:41.285787+00:00 [running]> on host 7d73e102c9b2
[2023-05-30 14:55:06,029] {taskinstance.py:1300} INFO - Exporting the following env vars:
AIRFLOW_CTX_DAG_OWNER=airflow
AIRFLOW_CTX_DAG_ID=example_bash_operator
AIRFLOW_CTX_TASK_ID=this_will_skip
AIRFLOW_CTX_EXECUTION_DATE=2023-05-30T14:53:41.285787+00:00
AIRFLOW_CTX_DAG_RUN_ID=manual__2023-05-30T14:53:41.285787+00:00
[2023-05-30 14:55:06,031] {subprocess.py:52} INFO - Tmp dir root location: 
 /tmp
[2023-05-30 14:55:06,032] {subprocess.py:63} INFO - Running command: ['bash', '-c', 'echo "hello world"; exit 99;']
[2023-05-30 14:55:06,064] {subprocess.py:75} INFO - Output:
[2023-05-30 14:55:06,099] {subprocess.py:79} INFO - hello world
[2023-05-30 14:55:06,101] {subprocess.py:83} INFO - Command exited with return code 99
[2023-05-30 14:55:06,102] {taskinstance.py:1167} INFO - Bash command returned exit code 99. Skipping.
[2023-05-30 14:55:06,123] {taskinstance.py:1170} INFO - Marking task as SKIPPED. dag_id=example_bash_operator, task_id=this_will_skip, execution_date=20230530T145341, start_date=20230530T145505, end_date=
[2023-05-30 14:55:06,123] {taskinstance.py:1204} INFO - Marking task as SUCCESS. dag_id=example_bash_operator, task_id=this_will_skip, execution_date=20230530T145341, start_date=20230530T145505, end_date=20230530T145506
[2023-05-30 14:55:06,247] {taskinstance.py:1265} INFO - 0 downstream tasks scheduled from follow-on schedule check
[2023-05-30 14:55:06,268] {local_task_job.py:151} INFO - Task exited with return code 0
